2017-08-25 15:11:44 - PHP Notice:  Error: Table 'rentacenter.oc_zone_to_geo_zone' doesn't exist<br />Error No: 1146<br />SELECT tr1.tax_class_id, tr2.tax_rate_id, tr2.name, tr2.rate, tr2.type, tr1.priority FROM oc_tax_rule tr1 LEFT JOIN oc_tax_rate tr2 ON (tr1.tax_rate_id = tr2.tax_rate_id) INNER JOIN oc_tax_rate_to_customer_group tr2cg ON (tr2.tax_rate_id = tr2cg.tax_rate_id) LEFT JOIN oc_zone_to_geo_zone z2gz ON (tr2.geo_zone_id = z2gz.geo_zone_id) LEFT JOIN oc_geo_zone gz ON (tr2.geo_zone_id = gz.geo_zone_id) WHERE tr1.based = 'store' AND tr2cg.customer_group_id = '1' AND z2gz.country_id = '176' AND (z2gz.zone_id = '0' OR z2gz.zone_id = '2761') ORDER BY tr1.priority ASC in D:\OpenServer\domains\rentacenter.ru\system\library\db\mysqli.php on line 41
2017-08-25 15:11:44 - PHP Notice:  Trying to get property of non-object in D:\OpenServer\domains\rentacenter.ru\system\library\tax.php on line 56
2017-08-25 15:11:44 - PHP Warning:  Invalid argument supplied for foreach() in D:\OpenServer\domains\rentacenter.ru\system\library\tax.php on line 56
<<<<<<< HEAD
2017-08-30 16:30:04 - PHP Warning:  Invalid argument supplied for foreach() in D:\OpenServer\domains\rentacenter.ru\admin\controller\module\rentcar.php on line 149
2017-08-30 16:39:42 - PHP Notice:  Undefined offset: 1 in D:\OpenServer\domains\rentacenter.ru\admin\view\template\module\rentcar.tpl on line 46
2017-08-30 16:39:42 - PHP Notice:  Undefined offset: 2 in D:\OpenServer\domains\rentacenter.ru\admin\view\template\module\rentcar.tpl on line 46
2017-08-30 16:45:10 - PHP Notice:  Undefined variable: ocfilter_stock_status_type in D:\OpenServer\domains\rentacenter.ru\admin\view\template\module\ocfilter.tpl on line 205
2017-08-30 16:45:10 - PHP Notice:  Undefined variable: ocfilter_stock_status_type in D:\OpenServer\domains\rentacenter.ru\admin\view\template\module\ocfilter.tpl on line 205
2017-08-30 16:45:10 - PHP Notice:  Undefined variable: ocfilter_stock_status_type in D:\OpenServer\domains\rentacenter.ru\admin\view\template\module\ocfilter.tpl on line 205
=======
2017-08-30 17:45:59 - PHP Notice:  Error: Table 'rentacenter.oc_zone_to_geo_zone' doesn't exist<br />Error No: 1146<br />SELECT tr1.tax_class_id, tr2.tax_rate_id, tr2.name, tr2.rate, tr2.type, tr1.priority FROM oc_tax_rule tr1 LEFT JOIN oc_tax_rate tr2 ON (tr1.tax_rate_id = tr2.tax_rate_id) INNER JOIN oc_tax_rate_to_customer_group tr2cg ON (tr2.tax_rate_id = tr2cg.tax_rate_id) LEFT JOIN oc_zone_to_geo_zone z2gz ON (tr2.geo_zone_id = z2gz.geo_zone_id) LEFT JOIN oc_geo_zone gz ON (tr2.geo_zone_id = gz.geo_zone_id) WHERE tr1.based = 'store' AND tr2cg.customer_group_id = '1' AND z2gz.country_id = '176' AND (z2gz.zone_id = '0' OR z2gz.zone_id = '2761') ORDER BY tr1.priority ASC in D:\OpenServer\domains\rentacenter.ru\system\library\db\mysqli.php on line 41
2017-08-30 17:45:59 - PHP Notice:  Trying to get property of non-object in D:\OpenServer\domains\rentacenter.ru\system\library\tax.php on line 56
2017-08-30 17:45:59 - PHP Warning:  Invalid argument supplied for foreach() in D:\OpenServer\domains\rentacenter.ru\system\library\tax.php on line 56
2017-08-30 17:45:59 - PHP Notice:  Error: Table 'rentacenter.oc_weight_class' doesn't exist<br />Error No: 1146<br />SELECT * FROM oc_weight_class wc LEFT JOIN oc_weight_class_description wcd ON (wc.weight_class_id = wcd.weight_class_id) WHERE wcd.language_id = '1' in D:\OpenServer\domains\rentacenter.ru\system\library\db\mysqli.php on line 41
2017-08-30 17:45:59 - PHP Notice:  Trying to get property of non-object in D:\OpenServer\domains\rentacenter.ru\system\library\weight.php on line 11
2017-08-30 17:45:59 - PHP Warning:  Invalid argument supplied for foreach() in D:\OpenServer\domains\rentacenter.ru\system\library\weight.php on line 11
2017-08-30 17:45:59 - PHP Notice:  Error: Table 'rentacenter.oc_url_alias' doesn't exist<br />Error No: 1146<br />SELECT * FROM oc_url_alias WHERE keyword = 'rates' in D:\OpenServer\domains\rentacenter.ru\system\library\db\mysqli.php on line 41
2017-08-30 17:45:59 - PHP Notice:  Trying to get property of non-object in D:\OpenServer\domains\rentacenter.ru\catalog\controller\common\seo_url.php on line 21
>>>>>>> f8651a0d93e257ebbf5e66bde79eae16e38b7a15
2017-09-04 10:38:08 - PHP Notice:  Undefined variable: heading_title in D:\OpenServer\domains\rentacenter.ru\catalog\view\theme\rentacenter\template\common\success.tpl on line 10
2017-09-04 10:38:08 - PHP Notice:  Undefined variable: heading_title in D:\OpenServer\domains\rentacenter.ru\catalog\view\theme\rentacenter\template\common\success.tpl on line 40
2017-09-04 10:38:46 - PHP Notice:  Undefined variable: heading_title in D:\OpenServer\domains\rentacenter.ru\catalog\view\theme\rentacenter\template\common\success.tpl on line 10
2017-09-04 9:18:10 - PHP Notice:  Undefined variable: ocfilter_stock_status_type in /var/www/vhosts/3331141.xeovo.ml/public_html/rentacenter/admin/view/template/module/ocfilter.tpl on line 205
2017-09-04 9:18:10 - PHP Notice:  Undefined variable: ocfilter_stock_status_type in /var/www/vhosts/3331141.xeovo.ml/public_html/rentacenter/admin/view/template/module/ocfilter.tpl on line 205
2017-09-04 9:18:10 - PHP Notice:  Undefined variable: ocfilter_stock_status_type in /var/www/vhosts/3331141.xeovo.ml/public_html/rentacenter/admin/view/template/module/ocfilter.tpl on line 205
2017-09-04 10:37:26 - PHP Notice:  Undefined variable: product_id in /var/www/vhosts/3331141.xeovo.ml/public_html/rentacenter/catalog/controller/common/seo_pro.php on line 174
